<?xml version="1.0" encoding="UTF-8"?>
<!-- Generated by org.testng.reporters.JUnitReportReporter -->
<testsuite skipped="0" hostname="Shanis-iMac.local" name="EbayOperations.testsetup" tests="1" failures="0" timestamp="31 Jan 2019 12:59:38 GMT" time="0.156" errors="1">
  <testcase name="tearDown" time="0.156" classname="EbayOperations.testsetup">
    <error type="org.openqa.selenium.remote.SessionNotFoundException" message="A session is either terminated or not started (WARNING: The server did not provide any stacktrace information)
Command duration or timeout: 154 milliseconds
Build info: version: &#039;2.53.1&#039;, revision: &#039;a36b8b1cd5757287168e54b817830adce9b0158d&#039;, time: &#039;2016-06-30 19:26:09&#039;
System info: host: &#039;Shanis-iMac.local&#039;, ip: &#039;10.208.92.12&#039;, os.name: &#039;Mac OS X&#039;, os.arch: &#039;x86_64&#039;, os.version: &#039;10.13.6&#039;, java.version: &#039;1.8.0_102&#039;
Driver info: io.appium.java_client.android.AndroidDriver
Capabilities [{appPackage=com.ebay.mobile, deviceScreenSize=1080x1920, networkConnectionEnabled=true, warnings={}, databaseEnabled=false, deviceName=3abace39, platform=LINUX, deviceUDID=3abace39, appActivity=com.ebay.mobile.activities.MainActivity, desired={appPackage=com.ebay.mobile, appActivity=com.ebay.mobile.activities.MainActivity, platformVersion=6.0.1, platformName=Android, deviceName=3abace39}, platformVersion=6.0.1, webStorageEnabled=false, locationContextEnabled=false, takesScreenshot=true, javascriptEnabled=true, deviceModel=Lenovo P1a42, platformName=Android, deviceManufacturer=LENOVO}]
Session ID: c55f7e2e-6e45-4624-9e0a-c848a03e0c79">
      <![CDATA[org.openqa.selenium.remote.SessionNotFoundException: A session is either terminated or not started (WARNING: The server did not provide any stacktrace information)
Command duration or timeout: 154 milliseconds
Build info: version: '2.53.1', revision: 'a36b8b1cd5757287168e54b817830adce9b0158d', time: '2016-06-30 19:26:09'
System info: host: 'Shanis-iMac.local', ip: '10.208.92.12', os.name: 'Mac OS X', os.arch: 'x86_64', os.version: '10.13.6', java.version: '1.8.0_102'
Driver info: io.appium.java_client.android.AndroidDriver
Capabilities [{appPackage=com.ebay.mobile, deviceScreenSize=1080x1920, networkConnectionEnabled=true, warnings={}, databaseEnabled=false, deviceName=3abace39, platform=LINUX, deviceUDID=3abace39, appActivity=com.ebay.mobile.activities.MainActivity, desired={appPackage=com.ebay.mobile, appActivity=com.ebay.mobile.activities.MainActivity, platformVersion=6.0.1, platformName=Android, deviceName=3abace39}, platformVersion=6.0.1, webStorageEnabled=false, locationContextEnabled=false, takesScreenshot=true, javascriptEnabled=true, deviceModel=Lenovo P1a42, platformName=Android, deviceManufacturer=LENOVO}]
Session ID: c55f7e2e-6e45-4624-9e0a-c848a03e0c79
at sun.reflect.NativeConstructorAccessorImpl.newInstance0(Native Method)
at sun.reflect.NativeConstructorAccessorImpl.newInstance(NativeConstructorAccessorImpl.java:62)
at sun.reflect.DelegatingConstructorAccessorImpl.newInstance(DelegatingConstructorAccessorImpl.java:45)
at java.lang.reflect.Constructor.newInstance(Constructor.java:423)
at org.openqa.selenium.remote.ErrorHandler.createThrowable(ErrorHandler.java:206)
at org.openqa.selenium.remote.ErrorHandler.throwIfResponseFailed(ErrorHandler.java:158)
at org.openqa.selenium.remote.RemoteWebDriver.execute(RemoteWebDriver.java:678)
at io.appium.java_client.DefaultGenericMobileDriver.execute(DefaultGenericMobileDriver.java:40)
at io.appium.java_client.AppiumDriver.execute(AppiumDriver.java:235)
at org.openqa.selenium.remote.RemoteWebDriver.quit(RemoteWebDriver.java:526)
at EbayOperations.testsetup.tearDown(testsetup.java:39)
at sun.reflect.NativeMethodAccessorImpl.invoke0(Native Method)
at sun.reflect.NativeMethodAccessorImpl.invoke(NativeMethodAccessorImpl.java:62)
at sun.reflect.DelegatingMethodAccessorImpl.invoke(DelegatingMethodAccessorImpl.java:43)
at java.lang.reflect.Method.invoke(Method.java:498)
at org.testng.internal.MethodInvocationHelper.invokeMethod(MethodInvocationHelper.java:124)
at org.testng.internal.MethodInvocationHelper.invokeMethodConsideringTimeout(MethodInvocationHelper.java:59)
at org.testng.internal.Invoker.invokeConfigurationMethod(Invoker.java:455)
at org.testng.internal.Invoker.invokeConfigurations(Invoker.java:222)
at org.testng.internal.Invoker.invokeConfigurations(Invoker.java:142)
at org.testng.SuiteRunner.privateRun(SuiteRunner.java:425)
at org.testng.SuiteRunner.run(SuiteRunner.java:364)
at org.testng.SuiteRunnerWorker.runSuite(SuiteRunnerWorker.java:52)
at org.testng.SuiteRunnerWorker.run(SuiteRunnerWorker.java:84)
at org.testng.TestNG.runSuitesSequentially(TestNG.java:1208)
at org.testng.TestNG.runSuitesLocally(TestNG.java:1137)
at org.testng.TestNG.runSuites(TestNG.java:1049)
at org.testng.TestNG.run(TestNG.java:1017)
at org.testng.remote.AbstractRemoteTestNG.run(AbstractRemoteTestNG.java:114)
at org.testng.remote.RemoteTestNG.initAndRun(RemoteTestNG.java:251)
at org.testng.remote.RemoteTestNG.main(RemoteTestNG.java:77)
]]>
    </error>
  </testcase> <!-- tearDown -->
</testsuite> <!-- EbayOperations.testsetup -->
