<?xml version="1.0" encoding="UTF-8"?>
<!-- Generated by org.testng.reporters.JUnitReportReporter -->
<testsuite skipped="0" hostname="Shanis-iMac.local" name="EbayOperations.ebay_Signin" tests="1" failures="0" timestamp="01 Feb 2019 10:37:01 GMT" time="41.117" errors="0">
  <testcase name="signin" time="41.117" classname="EbayOperations.ebay_Signin"/>
</testsuite> <!-- EbayOperations.ebay_Signin -->
