<?xml version="1.0" encoding="UTF-8"?>
<!-- Generated by org.testng.reporters.JUnitReportReporter -->
<testsuite skipped="0" hostname="Shanis-iMac.local" name="EbayOperations.ebay_CountrySelection" tests="1" failures="0" timestamp="01 Feb 2019 10:37:01 GMT" time="33.529" errors="0">
  <testcase name="countryselect" time="33.529" classname="EbayOperations.ebay_CountrySelection"/>
</testsuite> <!-- EbayOperations.ebay_CountrySelection -->
