<?xml version="1.0" encoding="UTF-8"?>
<!-- Generated by org.testng.reporters.JUnitReportReporter -->
<testsuite skipped="0" hostname="Shanis-iMac.local" name="EbayOperations.ebaysignin" tests="1" failures="0" timestamp="31 Jan 2019 12:12:49 GMT" time="37.557" errors="0">
  <testcase name="signin" time="37.557" classname="EbayOperations.ebaysignin"/>
</testsuite> <!-- EbayOperations.ebaysignin -->
